# JRE version: OpenJDK Runtime Environment Temurin-21.0.9+10 (21.0.9+10) (build 21.0.9+10-LTS)
# Java VM: OpenJDK 64-Bit Server VM Temurin-21.0.9+10 (21.0.9+10-LTS, mixed mode, sharing, tiered, compressed oops, compressed class ptrs, parallel gc, windows-amd64)
GC Precious Log:
 CardTable entry size: 512
 CPUs: 4 total, 4 available
 Memory: 8116M
 Large Page Support: Disabled
 NUMA Support: Disabled
 Compressed Oops: Enabled (32-bit)
 Alignments: Space 512K, Generation 512K, Heap 2M
 Heap Min Capacity: 100M
 Heap Initial Capacity: 100M
 Heap Max Capacity: 2G
 Pre-touch: Disabled
 Parallel Workers: 4
Heap:
 PSYoungGen      total 2560K, used 2304K [0x00000000d5580000, 0x00000000d5900000, 0x0000000100000000)
  eden space 2048K, 100% used [0x00000000d5580000,0x00000000d5780000,0x00000000d5780000)
  from space 512K, 50% used [0x00000000d5880000,0x00000000d58c0000,0x00000000d5900000)
  to   space 512K, 0% used [0x00000000d5780000,0x00000000d5780000,0x00000000d5800000)
 ParOldGen       total 925184K, used 924799K [0x0000000080000000, 0x00000000b8780000, 0x00000000d5580000)
  object space 925184K, 99% used [0x0000000080000000,0x00000000b871fc58,0x00000000b8780000)
 Metaspace       used 77730K, committed 79296K, reserved 1179648K
  class space    used 8167K, committed 8896K, reserved 1048576K
GC Heap History (20 events):
Event: 252.869 GC heap before
{Heap before GC invocations=1702 (full 3):
 PSYoungGen      total 3584K, used 3515K [0x00000000d5580000, 0x00000000d5980000, 0x0000000100000000)
  eden space 3072K, 100% used [0x00000000d5580000,0x00000000d5880000,0x00000000d5880000)
  from space 512K, 86% used [0x00000000d5900000,0x00000000d596ec08,0x00000000d5980000)
  to   space 512K, 0% used [0x00000000d5880000,0x00000000d5880000,0x00000000d5900000)
 ParOldGen       total 921088K, used 921040K [0x0000000080000000, 0x00000000b8380000, 0x00000000d5580000)
  object space 921088K, 99% used [0x0000000080000000,0x00000000b83742f8,0x00000000b8380000)
 Metaspace       used 77728K, committed 79296K, reserved 1179648K
  class space    used 8167K, committed 8896K, reserved 1048576K
}
Event: 252.872 GC heap after
{Heap after GC invocations=1702 (full 3):
 PSYoungGen      total 3584K, used 384K [0x00000000d5580000, 0x00000000d5980000, 0x0000000100000000)
  eden space 3072K, 0% used [0x00000000d5580000,0x00000000d5580000,0x00000000d5880000)
  from space 512K, 75% used [0x00000000d5880000,0x00000000d58e0000,0x00000000d5900000)
  to   space 512K, 0% used [0x00000000d5900000,0x00000000d5900000,0x00000000d5980000)
 ParOldGen       total 921600K, used 921427K [0x0000000080000000, 0x00000000b8400000, 0x00000000d5580000)
  object space 921600K, 99% used [0x0000000080000000,0x00000000b83d4f00,0x00000000b8400000)
 Metaspace       used 77728K, committed 79296K, reserved 1179648K
  class space    used 8167K, committed 8896K, reserved 1048576K
}
Event: 252.887 GC heap before
{Heap before GC invocations=1703 (full 3):
 PSYoungGen      total 3584K, used 3456K [0x00000000d5580000, 0x00000000d5980000, 0x0000000100000000)
  eden space 3072K, 100% used [0x00000000d5580000,0x00000000d5880000,0x00000000d5880000)
  from space 512K, 75% used [0x00000000d5880000,0x00000000d58e0000,0x00000000d5900000)
  to   space 512K, 0% used [0x00000000d5900000,0x00000000d5900000,0x00000000d5980000)
 ParOldGen       total 921600K, used 921427K [0x0000000080000000, 0x00000000b8400000, 0x00000000d5580000)
  object space 921600K, 99% used [0x0000000080000000,0x00000000b83d4f00,0x00000000b8400000)
 Metaspace       used 77728K, committed 79296K, reserved 1179648K
  class space    used 8167K, committed 8896K, reserved 1048576K
}
Event: 252.890 GC heap after
{Heap after GC invocations=1703 (full 3):
 PSYoungGen      total 3584K, used 438K [0x00000000d5580000, 0x00000000d5980000, 0x0000000100000000)
  eden space 3072K, 0% used [0x00000000d5580000,0x00000000d5580000,0x00000000d5880000)
  from space 512K, 85% used [0x00000000d5900000,0x00000000d596d808,0x00000000d5980000)
  to   space 512K, 0% used [0x00000000d5880000,0x00000000d5880000,0x00000000d5900000)
 ParOldGen       total 922112K, used 921731K [0x0000000080000000, 0x00000000b8480000, 0x00000000d5580000)
  object space 922112K, 99% used [0x0000000080000000,0x00000000b8420f00,0x00000000b8480000)
 Metaspace       used 77728K, committed 79296K, reserved 1179648K
  class space    used 8167K, committed 8896K, reserved 1048576K
}
Event: 252.905 GC heap before
{Heap before GC invocations=1704 (full 3):
 PSYoungGen      total 3584K, used 3510K [0x00000000d5580000, 0x00000000d5980000, 0x0000000100000000)
  eden space 3072K, 100% used [0x00000000d5580000,0x00000000d5880000,0x00000000d5880000)
  from space 512K, 85% used [0x00000000d5900000,0x00000000d596d808,0x00000000d5980000)
  to   space 512K, 0% used [0x00000000d5880000,0x00000000d5880000,0x00000000d5900000)
 ParOldGen       total 922112K, used 921731K [0x0000000080000000, 0x00000000b8480000, 0x00000000d5580000)
  object space 922112K, 99% used [0x0000000080000000,0x00000000b8420f00,0x00000000b8480000)
 Metaspace       used 77728K, committed 79296K, reserved 1179648K
  class space    used 8167K, committed 8896K, reserved 1048576K
}
Event: 252.908 GC heap after
{Heap after GC invocations=1704 (full 3):
 PSYoungGen      total 3584K, used 416K [0x00000000d5580000, 0x00000000d5980000, 0x0000000100000000)
  eden space 3072K, 0% used [0x00000000d5580000,0x00000000d5580000,0x00000000d5880000)
  from space 512K, 81% used [0x00000000d5880000,0x00000000d58e8000,0x00000000d5900000)
  to   space 512K, 0% used [0x00000000d5900000,0x00000000d5900000,0x00000000d5980000)
 ParOldGen       total 922624K, used 922113K [0x0000000080000000, 0x00000000b8500000, 0x00000000d5580000)
  object space 922624K, 99% used [0x0000000080000000,0x00000000b8480708,0x00000000b8500000)
 Metaspace       used 77728K, committed 79296K, reserved 1179648K
  class space    used 8167K, committed 8896K, reserved 1048576K
}
Event: 252.926 GC heap before
{Heap before GC invocations=1705 (full 3):
 PSYoungGen      total 3584K, used 3488K [0x00000000d5580000, 0x00000000d5980000, 0x0000000100000000)
  eden space 3072K, 100% used [0x00000000d5580000,0x00000000d5880000,0x00000000d5880000)
  from space 512K, 81% used [0x00000000d5880000,0x00000000d58e8000,0x00000000d5900000)
  to   space 512K, 0% used [0x00000000d5900000,0x00000000d5900000,0x00000000d5980000)
 ParOldGen       total 922624K, used 922113K [0x0000000080000000, 0x00000000b8500000, 0x00000000d5580000)
  object space 922624K, 99% used [0x0000000080000000,0x00000000b8480708,0x00000000b8500000)
 Metaspace       used 77728K, committed 79296K, reserved 1179648K
  class space    used 8167K, committed 8896K, reserved 1048576K
}
Event: 252.929 GC heap after
{Heap after GC invocations=1705 (full 3):
 PSYoungGen      total 3584K, used 352K [0x00000000d5580000, 0x00000000d5980000, 0x0000000100000000)
  eden space 3072K, 0% used [0x00000000d5580000,0x00000000d5580000,0x00000000d5880000)
  from space 512K, 68% used [0x00000000d5900000,0x00000000d5958000,0x00000000d5980000)
  to   space 512K, 0% used [0x00000000d5880000,0x00000000d5880000,0x00000000d5900000)
 ParOldGen       total 922624K, used 922441K [0x0000000080000000, 0x00000000b8500000, 0x00000000d5580000)
  object space 922624K, 99% used [0x0000000080000000,0x00000000b84d2708,0x00000000b8500000)
 Metaspace       used 77728K, committed 79296K, reserved 1179648K
  class space    used 8167K, committed 8896K, reserved 1048576K
}
Event: 252.943 GC heap before
{Heap before GC invocations=1706 (full 3):
 PSYoungGen      total 3584K, used 3424K [0x00000000d5580000, 0x00000000d5980000, 0x0000000100000000)
  eden space 3072K, 100% used [0x00000000d5580000,0x00000000d5880000,0x00000000d5880000)
  from space 512K, 68% used [0x00000000d5900000,0x00000000d5958000,0x00000000d5980000)
  to   space 512K, 0% used [0x00000000d5880000,0x00000000d5880000,0x00000000d5900000)
 ParOldGen       total 922624K, used 922441K [0x0000000080000000, 0x00000000b8500000, 0x00000000d5580000)
  object space 922624K, 99% used [0x0000000080000000,0x00000000b84d2708,0x00000000b8500000)
 Metaspace       used 77728K, committed 79296K, reserved 1179648K
  class space    used 8167K, committed 8896K, reserved 1048576K
}
Event: 252.948 GC heap after
{Heap after GC invocations=1706 (full 3):
 PSYoungGen      total 3584K, used 352K [0x00000000d5580000, 0x00000000d5980000, 0x0000000100000000)
  eden space 3072K, 0% used [0x00000000d5580000,0x00000000d5580000,0x00000000d5880000)
  from space 512K, 68% used [0x00000000d5880000,0x00000000d58d8000,0x00000000d5900000)
  to   space 512K, 0% used [0x00000000d5900000,0x00000000d5900000,0x00000000d5980000)
 ParOldGen       total 923136K, used 922729K [0x0000000080000000, 0x00000000b8580000, 0x00000000d5580000)
  object space 923136K, 99% used [0x0000000080000000,0x00000000b851a708,0x00000000b8580000)
 Metaspace       used 77728K, committed 79296K, reserved 1179648K
  class space    used 8167K, committed 8896K, reserved 1048576K
}
Event: 252.961 GC heap before
{Heap before GC invocations=1707 (full 3):
 PSYoungGen      total 3584K, used 3424K [0x00000000d5580000, 0x00000000d5980000, 0x0000000100000000)
  eden space 3072K, 100% used [0x00000000d5580000,0x00000000d5880000,0x00000000d5880000)
  from space 512K, 68% used [0x00000000d5880000,0x00000000d58d8000,0x00000000d5900000)
  to   space 512K, 0% used [0x00000000d5900000,0x00000000d5900000,0x00000000d5980000)
 ParOldGen       total 923136K, used 922729K [0x0000000080000000, 0x00000000b8580000, 0x00000000d5580000)
  object space 923136K, 99% used [0x0000000080000000,0x00000000b851a708,0x00000000b8580000)
 Metaspace       used 77728K, committed 79296K, reserved 1179648K
  class space    used 8167K, committed 8896K, reserved 1048576K
}
Event: 252.967 GC heap after
{Heap after GC invocations=1707 (full 3):
 PSYoungGen      total 3584K, used 352K [0x00000000d5580000, 0x00000000d5a80000, 0x0000000100000000)
  eden space 3072K, 0% used [0x00000000d5580000,0x00000000d5580000,0x00000000d5880000)
  from space 512K, 68% used [0x00000000d5900000,0x00000000d5958000,0x00000000d5980000)
  to   space 512K, 0% used [0x00000000d5880000,0x00000000d5880000,0x00000000d5900000)
 ParOldGen       total 923136K, used 923041K [0x0000000080000000, 0x00000000b8580000, 0x00000000d5580000)
  object space 923136K, 99% used [0x0000000080000000,0x00000000b8568708,0x00000000b8580000)
 Metaspace       used 77728K, committed 79296K, reserved 1179648K
  class space    used 8167K, committed 8896K, reserved 1048576K
}
Event: 252.995 GC heap before
{Heap before GC invocations=1708 (full 3):
 PSYoungGen      total 3584K, used 3417K [0x00000000d5580000, 0x00000000d5a80000, 0x0000000100000000)
  eden space 3072K, 99% used [0x00000000d5580000,0x00000000d587e5c0,0x00000000d5880000)
  from space 512K, 68% used [0x00000000d5900000,0x00000000d5958000,0x00000000d5980000)
  to   space 512K, 0% used [0x00000000d5880000,0x00000000d5880000,0x00000000d5900000)
 ParOldGen       total 923136K, used 923041K [0x0000000080000000, 0x00000000b8580000, 0x00000000d5580000)
  object space 923136K, 99% used [0x0000000080000000,0x00000000b8568708,0x00000000b8580000)
 Metaspace       used 77728K, committed 79296K, reserved 1179648K
  class space    used 8167K, committed 8896K, reserved 1048576K
}
Event: 253.000 GC heap after
{Heap after GC invocations=1708 (full 3):
 PSYoungGen      total 3584K, used 352K [0x00000000d5580000, 0x00000000d5980000, 0x0000000100000000)
  eden space 3072K, 0% used [0x00000000d5580000,0x00000000d5580000,0x00000000d5880000)
  from space 512K, 68% used [0x00000000d5880000,0x00000000d58d8000,0x00000000d5900000)
  to   space 512K, 0% used [0x00000000d5900000,0x00000000d5900000,0x00000000d5980000)
 ParOldGen       total 923648K, used 923329K [0x0000000080000000, 0x00000000b8600000, 0x00000000d5580000)
  object space 923648K, 99% used [0x0000000080000000,0x00000000b85b0708,0x00000000b8600000)
 Metaspace       used 77728K, committed 79296K, reserved 1179648K
  class space    used 8167K, committed 8896K, reserved 1048576K
}
Event: 253.038 GC heap before
{Heap before GC invocations=1709 (full 3):
 PSYoungGen      total 3584K, used 3397K [0x00000000d5580000, 0x00000000d5980000, 0x0000000100000000)
  eden space 3072K, 99% used [0x00000000d5580000,0x00000000d5879718,0x00000000d5880000)
  from space 512K, 68% used [0x00000000d5880000,0x00000000d58d8000,0x00000000d5900000)
  to   space 512K, 0% used [0x00000000d5900000,0x00000000d5900000,0x00000000d5980000)
 ParOldGen       total 923648K, used 923329K [0x0000000080000000, 0x00000000b8600000, 0x00000000d5580000)
  object space 923648K, 99% used [0x0000000080000000,0x00000000b85b0708,0x00000000b8600000)
 Metaspace       used 77728K, committed 79296K, reserved 1179648K
  class space    used 8167K, committed 8896K, reserved 1048576K
}
Event: 253.042 GC heap after
{Heap after GC invocations=1709 (full 3):
 PSYoungGen      total 2560K, used 509K [0x00000000d5580000, 0x00000000d5b80000, 0x0000000100000000)
  eden space 2048K, 0% used [0x00000000d5580000,0x00000000d5580000,0x00000000d5780000)
  from space 512K, 99% used [0x00000000d5900000,0x00000000d597f608,0x00000000d5980000)
  to   space 1536K, 0% used [0x00000000d5780000,0x00000000d5780000,0x00000000d5900000)
 ParOldGen       total 924160K, used 924156K [0x0000000080000000, 0x00000000b8680000, 0x00000000d5580000)
  object space 924160K, 99% used [0x0000000080000000,0x00000000b867f108,0x00000000b8680000)
 Metaspace       used 77728K, committed 79296K, reserved 1179648K
  class space    used 8167K, committed 8896K, reserved 1048576K
}
Event: 253.241 GC heap before
{Heap before GC invocations=1710 (full 3):
 PSYoungGen      total 2560K, used 2557K [0x00000000d5580000, 0x00000000d5b80000, 0x0000000100000000)
  eden space 2048K, 100% used [0x00000000d5580000,0x00000000d5780000,0x00000000d5780000)
  from space 512K, 99% used [0x00000000d5900000,0x00000000d597f608,0x00000000d5980000)
  to   space 1536K, 0% used [0x00000000d5780000,0x00000000d5780000,0x00000000d5900000)
 ParOldGen       total 924160K, used 924156K [0x0000000080000000, 0x00000000b8680000, 0x00000000d5580000)
  object space 924160K, 99% used [0x0000000080000000,0x00000000b867f108,0x00000000b8680000)
 Metaspace       used 77730K, committed 79296K, reserved 1179648K
  class space    used 8167K, committed 8896K, reserved 1048576K
}
Event: 253.245 GC heap after
{Heap after GC invocations=1710 (full 3):
 PSYoungGen      total 2560K, used 416K [0x00000000d5580000, 0x00000000d5980000, 0x0000000100000000)
  eden space 2048K, 0% used [0x00000000d5580000,0x00000000d5580000,0x00000000d5780000)
  from space 512K, 81% used [0x00000000d5780000,0x00000000d57e8000,0x00000000d5800000)
  to   space 1024K, 0% used [0x00000000d5880000,0x00000000d5880000,0x00000000d5980000)
 ParOldGen       total 924672K, used 924448K [0x0000000080000000, 0x00000000b8700000, 0x00000000d5580000)
  object space 924672K, 99% used [0x0000000080000000,0x00000000b86c8110,0x00000000b8700000)
 Metaspace       used 77730K, committed 79296K, reserved 1179648K
  class space    used 8167K, committed 8896K, reserved 1048576K
}
Event: 253.255 GC heap before
{Heap before GC invocations=1711 (full 3):
 PSYoungGen      total 2560K, used 2464K [0x00000000d5580000, 0x00000000d5980000, 0x0000000100000000)
  eden space 2048K, 100% used [0x00000000d5580000,0x00000000d5780000,0x00000000d5780000)
  from space 512K, 81% used [0x00000000d5780000,0x00000000d57e8000,0x00000000d5800000)
  to   space 1024K, 0% used [0x00000000d5880000,0x00000000d5880000,0x00000000d5980000)
 ParOldGen       total 924672K, used 924448K [0x0000000080000000, 0x00000000b8700000, 0x00000000d5580000)
  object space 924672K, 99% used [0x0000000080000000,0x00000000b86c8110,0x00000000b8700000)
 Metaspace       used 77730K, committed 79296K, reserved 1179648K
  class space    used 8167K, committed 8896K, reserved 1048576K
}
Event: 253.258 GC heap after
{Heap after GC invocations=1711 (full 3):
 PSYoungGen      total 2560K, used 256K [0x00000000d5580000, 0x00000000d5900000, 0x0000000100000000)
  eden space 2048K, 0% used [0x00000000d5580000,0x00000000d5580000,0x00000000d5780000)
  from space 512K, 50% used [0x00000000d5880000,0x00000000d58c0000,0x00000000d5900000)
  to   space 512K, 0% used [0x00000000d5780000,0x00000000d5780000,0x00000000d5800000)
 ParOldGen       total 925184K, used 924799K [0x0000000080000000, 0x00000000b8780000, 0x00000000d5580000)
  object space 925184K, 99% used [0x0000000080000000,0x00000000b871fc58,0x00000000b8780000)
 Metaspace       used 77730K, committed 79296K, reserved 1179648K
  class space    used 8167K, committed 8896K, reserved 1048576K
}

